<?xml version="1.0" encoding="UTF-8"?>
<testng-results total="1" passed="1" failed="0" skipped="0">
  <reporter-output>
  </reporter-output>
  <suite started-at="2021-08-15T14:25:55Z" name="Default suite" finished-at="2021-08-15T14:25:55Z" duration-ms="162">
    <groups>
    </groups>
    <test started-at="2021-08-15T14:25:55Z" name="Default test" finished-at="2021-08-15T14:25:55Z" duration-ms="162">
      <class name="com.test.TestNGClass">
        <test-method signature="f()[pri:0, instance:com.test.TestNGClass@5a37d3ed]" started-at="2021-08-15T19:55:55Z" name="f" finished-at="2021-08-15T19:55:55Z" duration-ms="43" status="PASS">
          <reporter-output>
          </reporter-output>
        </test-method> <!-- f -->
      </class> <!-- com.test.TestNGClass -->
    </test> <!-- Default test -->
  </suite> <!-- Default suite -->
</testng-results>
